
EnvironmentNameNotFound: Could not find conda environment: openmm
You can list all discoverable environments with `conda info --envs`.


/home/jakub/anaconda3/envs/openmm/lib/python3.12/site-packages/Bio/PDB/PDBParser.py:395: PDBConstructionWarning: Ignoring unrecognized record 'END' at line 3506
  warnings.warn(
/home/jakub/anaconda3/envs/openmm/bin/python
==================== Running S1_Best_AB ====================
Splitting chains...
Fixing C-terminus...
-----Running minimize.py-----
Loading...
Adding hydrogens...
Adding solvent...
Platform used: CUDA
Minimizing energy...
Saving...
Done
-----Running stability.py-----
Running for the 1th time...
Periodic boundary conditions: True
platform used: CUDA
Error running stability: Particle coordinate is NaN.  For more information, see https://github.com/openmm/openmm/wiki/Frequently-Asked-Questions#nan
Trying again...
-----Running minimize.py-----
Loading...
Adding hydrogens...
Adding solvent...
Platform used: CUDA
Minimizing energy...
Saving...
Done
-----Running stability.py-----
Running for the 2th time...
Periodic boundary conditions: True
platform used: CUDA
Error running stability: Particle coordinate is NaN.  For more information, see https://github.com/openmm/openmm/wiki/Frequently-Asked-Questions#nan
Trying again...
-----Running minimize.py-----
Loading...
Adding hydrogens...
Adding solvent...
Platform used: CUDA
Minimizing energy...
Saving...
Done
-----Running stability.py-----
Running for the 3th time...
Periodic boundary conditions: True
platform used: CUDA
Error running stability: Particle coordinate is NaN.  For more information, see https://github.com/openmm/openmm/wiki/Frequently-Asked-Questions#nan
Trying again...
-----Running minimize.py-----
Loading...
Adding hydrogens...
Adding solvent...
Platform used: CUDA
Minimizing energy...
Saving...
Done
-----Running stability.py-----
Running for the 4th time...
Periodic boundary conditions: True
platform used: CUDA
Error running stability: Particle coordinate is NaN.  For more information, see https://github.com/openmm/openmm/wiki/Frequently-Asked-Questions#nan
Trying again...
-----Running minimize.py-----
Loading...
Adding hydrogens...
Adding solvent...
Platform used: CUDA
Minimizing energy...
Saving...
Done
-----Running stability.py-----
Running for the 5th time...
Periodic boundary conditions: True
platform used: CUDA
Error running stability: Particle coordinate is NaN.  For more information, see https://github.com/openmm/openmm/wiki/Frequently-Asked-Questions#nan
Trying again...
-----Running minimize.py-----
Loading...
Adding hydrogens...
Adding solvent...
Platform used: CUDA
Minimizing energy...
Saving...
Done
