/home/jakub/anaconda3/envs/openmm/bin/python
==================== Running S1_Best_A ====================
Fixing C-terminus...

-----Running minimize.py-----
Loading...
Adding hydrogens...
Adding solvent...
Platform used: CUDA
Minimizing energy...
Saving...
Done

-----Running stability.py-----
Running for the 1th time...
Periodic boundary conditions: True
platform used: CUDA
Total elapsed time: 8093.595057487488
Time per MD step 0.00323743802614212

==================== Running S1_Best_AB ====================
Splitting chains...
Fixing C-terminus...

-----Running minimize.py-----
Loading...
Adding hydrogens...
Adding solvent...
Platform used: CUDA
Minimizing energy...
Saving...
Done

-----Running stability.py-----
Running for the 1th time...
Error running command: python stability.py --filename S1_Best_AB --mdtime 10
Return code: 1
Standard output:
Periodic boundary conditions: True
platform used: CUDA

Standard error:
Traceback (most recent call last):
  File "/home/jakub/phd/openmm-md/stability.py", line 116, in <module>
    fire.Fire(main)
  File "/home/jakub/anaconda3/envs/openmm/lib/python3.12/site-packages/fire/core.py", line 143, in Fire
    component_trace = _Fire(component, args, parsed_flag_args, context, name)
                      ^^^^^^^^^^^^^^^^^^^^^^^^^^^^^^^^^^^^^^^^^^^^^^^^^^^^^^^
  File "/home/jakub/anaconda3/envs/openmm/lib/python3.12/site-packages/fire/core.py", line 477, in _Fire
    component, remaining_args = _CallAndUpdateTrace(
                                ^^^^^^^^^^^^^^^^^^^^
  File "/home/jakub/anaconda3/envs/openmm/lib/python3.12/site-packages/fire/core.py", line 693, in _CallAndUpdateTrace
    component = fn(*varargs, **kwargs)
                ^^^^^^^^^^^^^^^^^^^^^^
  File "/home/jakub/phd/openmm-md/stability.py", line 103, in main
    simulation.step(nsteps)
  File "/home/jakub/anaconda3/envs/openmm/lib/python3.12/site-packages/openmm/app/simulation.py", line 147, in step
    self._simulate(endStep=self.currentStep+steps)
  File "/home/jakub/anaconda3/envs/openmm/lib/python3.12/site-packages/openmm/app/simulation.py", line 212, in _simulate
    self.integrator.step(10) # Only take 10 steps at a time, to give Python more chances to respond to a control-c.
    ^^^^^^^^^^^^^^^^^^^^^^^^
  File "/home/jakub/anaconda3/envs/openmm/lib/python3.12/site-packages/openmm/openmm.py", line 15287, in step
    return _openmm.LangevinMiddleIntegrator_step(self, steps)
           ^^^^^^^^^^^^^^^^^^^^^^^^^^^^^^^^^^^^^^^^^^^^^^^^^^
openmm.OpenMMException: Particle coordinate is NaN.  For more information, see https://github.com/openmm/openmm/wiki/Frequently-Asked-Questions#nan

Error running stability.py: Error running command: python stability.py --filename S1_Best_AB --mdtime 10
Trying again...
-----Running minimize.py-----
Loading...
Adding hydrogens...
Adding solvent...
Platform used: CUDA
Minimizing energy...
Saving...
Done

-----Running stability.py-----
Running for the 2th time...
Error running command: python stability.py --filename S1_Best_AB --mdtime 10
Return code: 1
Standard output:
Periodic boundary conditions: True
platform used: CUDA

Standard error:
Traceback (most recent call last):
  File "/home/jakub/phd/openmm-md/stability.py", line 116, in <module>
    fire.Fire(main)
  File "/home/jakub/anaconda3/envs/openmm/lib/python3.12/site-packages/fire/core.py", line 143, in Fire
    component_trace = _Fire(component, args, parsed_flag_args, context, name)
                      ^^^^^^^^^^^^^^^^^^^^^^^^^^^^^^^^^^^^^^^^^^^^^^^^^^^^^^^
  File "/home/jakub/anaconda3/envs/openmm/lib/python3.12/site-packages/fire/core.py", line 477, in _Fire
    component, remaining_args = _CallAndUpdateTrace(
                                ^^^^^^^^^^^^^^^^^^^^
  File "/home/jakub/anaconda3/envs/openmm/lib/python3.12/site-packages/fire/core.py", line 693, in _CallAndUpdateTrace
    component = fn(*varargs, **kwargs)
                ^^^^^^^^^^^^^^^^^^^^^^
  File "/home/jakub/phd/openmm-md/stability.py", line 103, in main
    simulation.step(nsteps)
  File "/home/jakub/anaconda3/envs/openmm/lib/python3.12/site-packages/openmm/app/simulation.py", line 147, in step
    self._simulate(endStep=self.currentStep+steps)
  File "/home/jakub/anaconda3/envs/openmm/lib/python3.12/site-packages/openmm/app/simulation.py", line 212, in _simulate
    self.integrator.step(10) # Only take 10 steps at a time, to give Python more chances to respond to a control-c.
    ^^^^^^^^^^^^^^^^^^^^^^^^
  File "/home/jakub/anaconda3/envs/openmm/lib/python3.12/site-packages/openmm/openmm.py", line 15287, in step
    return _openmm.LangevinMiddleIntegrator_step(self, steps)
           ^^^^^^^^^^^^^^^^^^^^^^^^^^^^^^^^^^^^^^^^^^^^^^^^^^
openmm.OpenMMException: Particle coordinate is NaN.  For more information, see https://github.com/openmm/openmm/wiki/Frequently-Asked-Questions#nan

Error running stability.py: Error running command: python stability.py --filename S1_Best_AB --mdtime 10
Trying again...
-----Running minimize.py-----
Loading...
Adding hydrogens...
Adding solvent...
Platform used: CUDA
Minimizing energy...
Saving...
Done

-----Running stability.py-----
Running for the 3th time...
Error running command: python stability.py --filename S1_Best_AB --mdtime 10
Return code: 1
Standard output:
Periodic boundary conditions: True
platform used: CUDA

Standard error:
Traceback (most recent call last):
  File "/home/jakub/phd/openmm-md/stability.py", line 116, in <module>
    fire.Fire(main)
  File "/home/jakub/anaconda3/envs/openmm/lib/python3.12/site-packages/fire/core.py", line 143, in Fire
    component_trace = _Fire(component, args, parsed_flag_args, context, name)
                      ^^^^^^^^^^^^^^^^^^^^^^^^^^^^^^^^^^^^^^^^^^^^^^^^^^^^^^^
  File "/home/jakub/anaconda3/envs/openmm/lib/python3.12/site-packages/fire/core.py", line 477, in _Fire
    component, remaining_args = _CallAndUpdateTrace(
                                ^^^^^^^^^^^^^^^^^^^^
  File "/home/jakub/anaconda3/envs/openmm/lib/python3.12/site-packages/fire/core.py", line 693, in _CallAndUpdateTrace
    component = fn(*varargs, **kwargs)
                ^^^^^^^^^^^^^^^^^^^^^^
  File "/home/jakub/phd/openmm-md/stability.py", line 103, in main
    simulation.step(nsteps)
  File "/home/jakub/anaconda3/envs/openmm/lib/python3.12/site-packages/openmm/app/simulation.py", line 147, in step
    self._simulate(endStep=self.currentStep+steps)
  File "/home/jakub/anaconda3/envs/openmm/lib/python3.12/site-packages/openmm/app/simulation.py", line 212, in _simulate
    self.integrator.step(10) # Only take 10 steps at a time, to give Python more chances to respond to a control-c.
    ^^^^^^^^^^^^^^^^^^^^^^^^
  File "/home/jakub/anaconda3/envs/openmm/lib/python3.12/site-packages/openmm/openmm.py", line 15287, in step
    return _openmm.LangevinMiddleIntegrator_step(self, steps)
           ^^^^^^^^^^^^^^^^^^^^^^^^^^^^^^^^^^^^^^^^^^^^^^^^^^
openmm.OpenMMException: Particle coordinate is NaN.  For more information, see https://github.com/openmm/openmm/wiki/Frequently-Asked-Questions#nan

Error running stability.py: Error running command: python stability.py --filename S1_Best_AB --mdtime 10
Trying again...
-----Running minimize.py-----
Loading...
Adding hydrogens...
Adding solvent...
Platform used: CUDA
Minimizing energy...
Saving...
Done

-----Running stability.py-----
Running for the 4th time...
Error running command: python stability.py --filename S1_Best_AB --mdtime 10
Return code: 1
Standard output:
Periodic boundary conditions: True
platform used: CUDA

Standard error:
Traceback (most recent call last):
  File "/home/jakub/phd/openmm-md/stability.py", line 116, in <module>
    fire.Fire(main)
  File "/home/jakub/anaconda3/envs/openmm/lib/python3.12/site-packages/fire/core.py", line 143, in Fire
    component_trace = _Fire(component, args, parsed_flag_args, context, name)
                      ^^^^^^^^^^^^^^^^^^^^^^^^^^^^^^^^^^^^^^^^^^^^^^^^^^^^^^^
  File "/home/jakub/anaconda3/envs/openmm/lib/python3.12/site-packages/fire/core.py", line 477, in _Fire
    component, remaining_args = _CallAndUpdateTrace(
                                ^^^^^^^^^^^^^^^^^^^^
  File "/home/jakub/anaconda3/envs/openmm/lib/python3.12/site-packages/fire/core.py", line 693, in _CallAndUpdateTrace
    component = fn(*varargs, **kwargs)
                ^^^^^^^^^^^^^^^^^^^^^^
  File "/home/jakub/phd/openmm-md/stability.py", line 103, in main
    simulation.step(nsteps)
  File "/home/jakub/anaconda3/envs/openmm/lib/python3.12/site-packages/openmm/app/simulation.py", line 147, in step
    self._simulate(endStep=self.currentStep+steps)
  File "/home/jakub/anaconda3/envs/openmm/lib/python3.12/site-packages/openmm/app/simulation.py", line 212, in _simulate
    self.integrator.step(10) # Only take 10 steps at a time, to give Python more chances to respond to a control-c.
    ^^^^^^^^^^^^^^^^^^^^^^^^
  File "/home/jakub/anaconda3/envs/openmm/lib/python3.12/site-packages/openmm/openmm.py", line 15287, in step
    return _openmm.LangevinMiddleIntegrator_step(self, steps)
           ^^^^^^^^^^^^^^^^^^^^^^^^^^^^^^^^^^^^^^^^^^^^^^^^^^
openmm.OpenMMException: Particle coordinate is NaN.  For more information, see https://github.com/openmm/openmm/wiki/Frequently-Asked-Questions#nan

Error running stability.py: Error running command: python stability.py --filename S1_Best_AB --mdtime 10
Trying again...
-----Running minimize.py-----
Loading...
Adding hydrogens...
Adding solvent...
Platform used: CUDA
Minimizing energy...
Saving...
Done

-----Running stability.py-----
Running for the 5th time...
Error running command: python stability.py --filename S1_Best_AB --mdtime 10
Return code: 1
Standard output:
Periodic boundary conditions: True
platform used: CUDA

Standard error:
Traceback (most recent call last):
  File "/home/jakub/phd/openmm-md/stability.py", line 116, in <module>
    fire.Fire(main)
  File "/home/jakub/anaconda3/envs/openmm/lib/python3.12/site-packages/fire/core.py", line 143, in Fire
    component_trace = _Fire(component, args, parsed_flag_args, context, name)
                      ^^^^^^^^^^^^^^^^^^^^^^^^^^^^^^^^^^^^^^^^^^^^^^^^^^^^^^^
  File "/home/jakub/anaconda3/envs/openmm/lib/python3.12/site-packages/fire/core.py", line 477, in _Fire
    component, remaining_args = _CallAndUpdateTrace(
                                ^^^^^^^^^^^^^^^^^^^^
  File "/home/jakub/anaconda3/envs/openmm/lib/python3.12/site-packages/fire/core.py", line 693, in _CallAndUpdateTrace
    component = fn(*varargs, **kwargs)
                ^^^^^^^^^^^^^^^^^^^^^^
  File "/home/jakub/phd/openmm-md/stability.py", line 103, in main
    simulation.step(nsteps)
  File "/home/jakub/anaconda3/envs/openmm/lib/python3.12/site-packages/openmm/app/simulation.py", line 147, in step
    self._simulate(endStep=self.currentStep+steps)
  File "/home/jakub/anaconda3/envs/openmm/lib/python3.12/site-packages/openmm/app/simulation.py", line 212, in _simulate
    self.integrator.step(10) # Only take 10 steps at a time, to give Python more chances to respond to a control-c.
    ^^^^^^^^^^^^^^^^^^^^^^^^
  File "/home/jakub/anaconda3/envs/openmm/lib/python3.12/site-packages/openmm/openmm.py", line 15287, in step
    return _openmm.LangevinMiddleIntegrator_step(self, steps)
           ^^^^^^^^^^^^^^^^^^^^^^^^^^^^^^^^^^^^^^^^^^^^^^^^^^
openmm.OpenMMException: Particle coordinate is NaN.  For more information, see https://github.com/openmm/openmm/wiki/Frequently-Asked-Questions#nan

Error running stability.py: Error running command: python stability.py --filename S1_Best_AB --mdtime 10
Trying again...
-----Running minimize.py-----
Loading...
Adding hydrogens...
Adding solvent...
Platform used: CUDA
Minimizing energy...
Saving...
Done

-----Running stability.py-----
Running for the 6th time...
Error running command: python stability.py --filename S1_Best_AB --mdtime 10
Return code: 1
Standard output:
Periodic boundary conditions: True
platform used: CUDA

Standard error:
Traceback (most recent call last):
  File "/home/jakub/phd/openmm-md/stability.py", line 116, in <module>
    fire.Fire(main)
  File "/home/jakub/anaconda3/envs/openmm/lib/python3.12/site-packages/fire/core.py", line 143, in Fire
    component_trace = _Fire(component, args, parsed_flag_args, context, name)
                      ^^^^^^^^^^^^^^^^^^^^^^^^^^^^^^^^^^^^^^^^^^^^^^^^^^^^^^^
  File "/home/jakub/anaconda3/envs/openmm/lib/python3.12/site-packages/fire/core.py", line 477, in _Fire
    component, remaining_args = _CallAndUpdateTrace(
                                ^^^^^^^^^^^^^^^^^^^^
  File "/home/jakub/anaconda3/envs/openmm/lib/python3.12/site-packages/fire/core.py", line 693, in _CallAndUpdateTrace
    component = fn(*varargs, **kwargs)
                ^^^^^^^^^^^^^^^^^^^^^^
  File "/home/jakub/phd/openmm-md/stability.py", line 103, in main
    simulation.step(nsteps)
  File "/home/jakub/anaconda3/envs/openmm/lib/python3.12/site-packages/openmm/app/simulation.py", line 147, in step
    self._simulate(endStep=self.currentStep+steps)
  File "/home/jakub/anaconda3/envs/openmm/lib/python3.12/site-packages/openmm/app/simulation.py", line 212, in _simulate
    self.integrator.step(10) # Only take 10 steps at a time, to give Python more chances to respond to a control-c.
    ^^^^^^^^^^^^^^^^^^^^^^^^
  File "/home/jakub/anaconda3/envs/openmm/lib/python3.12/site-packages/openmm/openmm.py", line 15287, in step
    return _openmm.LangevinMiddleIntegrator_step(self, steps)
           ^^^^^^^^^^^^^^^^^^^^^^^^^^^^^^^^^^^^^^^^^^^^^^^^^^
openmm.OpenMMException: Particle coordinate is NaN.  For more information, see https://github.com/openmm/openmm/wiki/Frequently-Asked-Questions#nan

Error running stability.py: Error running command: python stability.py --filename S1_Best_AB --mdtime 10
Trying again...
-----Running minimize.py-----
Loading...
Adding hydrogens...
Adding solvent...
Platform used: CUDA
Minimizing energy...
Saving...
Done

-----Running stability.py-----
Running for the 7th time...
Error running command: python stability.py --filename S1_Best_AB --mdtime 10
Return code: 1
Standard output:
Periodic boundary conditions: True
platform used: CUDA

Standard error:
Traceback (most recent call last):
  File "/home/jakub/phd/openmm-md/stability.py", line 116, in <module>
    fire.Fire(main)
  File "/home/jakub/anaconda3/envs/openmm/lib/python3.12/site-packages/fire/core.py", line 143, in Fire
    component_trace = _Fire(component, args, parsed_flag_args, context, name)
                      ^^^^^^^^^^^^^^^^^^^^^^^^^^^^^^^^^^^^^^^^^^^^^^^^^^^^^^^
  File "/home/jakub/anaconda3/envs/openmm/lib/python3.12/site-packages/fire/core.py", line 477, in _Fire
    component, remaining_args = _CallAndUpdateTrace(
                                ^^^^^^^^^^^^^^^^^^^^
  File "/home/jakub/anaconda3/envs/openmm/lib/python3.12/site-packages/fire/core.py", line 693, in _CallAndUpdateTrace
    component = fn(*varargs, **kwargs)
                ^^^^^^^^^^^^^^^^^^^^^^
  File "/home/jakub/phd/openmm-md/stability.py", line 103, in main
    simulation.step(nsteps)
  File "/home/jakub/anaconda3/envs/openmm/lib/python3.12/site-packages/openmm/app/simulation.py", line 147, in step
    self._simulate(endStep=self.currentStep+steps)
  File "/home/jakub/anaconda3/envs/openmm/lib/python3.12/site-packages/openmm/app/simulation.py", line 212, in _simulate
    self.integrator.step(10) # Only take 10 steps at a time, to give Python more chances to respond to a control-c.
    ^^^^^^^^^^^^^^^^^^^^^^^^
  File "/home/jakub/anaconda3/envs/openmm/lib/python3.12/site-packages/openmm/openmm.py", line 15287, in step
    return _openmm.LangevinMiddleIntegrator_step(self, steps)
           ^^^^^^^^^^^^^^^^^^^^^^^^^^^^^^^^^^^^^^^^^^^^^^^^^^
openmm.OpenMMException: Particle coordinate is NaN.  For more information, see https://github.com/openmm/openmm/wiki/Frequently-Asked-Questions#nan

Error running stability.py: Error running command: python stability.py --filename S1_Best_AB --mdtime 10
Trying again...
-----Running minimize.py-----
Loading...
Adding hydrogens...
Adding solvent...
Platform used: CUDA
Minimizing energy...
Saving...
Done

-----Running stability.py-----
Running for the 8th time...
Error running command: python stability.py --filename S1_Best_AB --mdtime 10
Return code: 1
Standard output:
Periodic boundary conditions: True
platform used: CUDA

Standard error:
Traceback (most recent call last):
  File "/home/jakub/phd/openmm-md/stability.py", line 116, in <module>
    fire.Fire(main)
  File "/home/jakub/anaconda3/envs/openmm/lib/python3.12/site-packages/fire/core.py", line 143, in Fire
    component_trace = _Fire(component, args, parsed_flag_args, context, name)
                      ^^^^^^^^^^^^^^^^^^^^^^^^^^^^^^^^^^^^^^^^^^^^^^^^^^^^^^^
  File "/home/jakub/anaconda3/envs/openmm/lib/python3.12/site-packages/fire/core.py", line 477, in _Fire
    component, remaining_args = _CallAndUpdateTrace(
                                ^^^^^^^^^^^^^^^^^^^^
  File "/home/jakub/anaconda3/envs/openmm/lib/python3.12/site-packages/fire/core.py", line 693, in _CallAndUpdateTrace
    component = fn(*varargs, **kwargs)
                ^^^^^^^^^^^^^^^^^^^^^^
  File "/home/jakub/phd/openmm-md/stability.py", line 103, in main
    simulation.step(nsteps)
  File "/home/jakub/anaconda3/envs/openmm/lib/python3.12/site-packages/openmm/app/simulation.py", line 147, in step
    self._simulate(endStep=self.currentStep+steps)
  File "/home/jakub/anaconda3/envs/openmm/lib/python3.12/site-packages/openmm/app/simulation.py", line 212, in _simulate
    self.integrator.step(10) # Only take 10 steps at a time, to give Python more chances to respond to a control-c.
    ^^^^^^^^^^^^^^^^^^^^^^^^
  File "/home/jakub/anaconda3/envs/openmm/lib/python3.12/site-packages/openmm/openmm.py", line 15287, in step
    return _openmm.LangevinMiddleIntegrator_step(self, steps)
           ^^^^^^^^^^^^^^^^^^^^^^^^^^^^^^^^^^^^^^^^^^^^^^^^^^
openmm.OpenMMException: Particle coordinate is NaN.  For more information, see https://github.com/openmm/openmm/wiki/Frequently-Asked-Questions#nan

Error running stability.py: Error running command: python stability.py --filename S1_Best_AB --mdtime 10
Trying again...
-----Running minimize.py-----
Loading...
Adding hydrogens...
Adding solvent...
Platform used: CUDA
Minimizing energy...
Saving...
Done

-----Running stability.py-----
Running for the 9th time...
Error running command: python stability.py --filename S1_Best_AB --mdtime 10
Return code: 1
Standard output:
Periodic boundary conditions: True
platform used: CUDA

Standard error:
Traceback (most recent call last):
  File "/home/jakub/phd/openmm-md/stability.py", line 116, in <module>
    fire.Fire(main)
  File "/home/jakub/anaconda3/envs/openmm/lib/python3.12/site-packages/fire/core.py", line 143, in Fire
    component_trace = _Fire(component, args, parsed_flag_args, context, name)
                      ^^^^^^^^^^^^^^^^^^^^^^^^^^^^^^^^^^^^^^^^^^^^^^^^^^^^^^^
  File "/home/jakub/anaconda3/envs/openmm/lib/python3.12/site-packages/fire/core.py", line 477, in _Fire
    component, remaining_args = _CallAndUpdateTrace(
                                ^^^^^^^^^^^^^^^^^^^^
  File "/home/jakub/anaconda3/envs/openmm/lib/python3.12/site-packages/fire/core.py", line 693, in _CallAndUpdateTrace
    component = fn(*varargs, **kwargs)
                ^^^^^^^^^^^^^^^^^^^^^^
  File "/home/jakub/phd/openmm-md/stability.py", line 103, in main
    simulation.step(nsteps)
  File "/home/jakub/anaconda3/envs/openmm/lib/python3.12/site-packages/openmm/app/simulation.py", line 147, in step
    self._simulate(endStep=self.currentStep+steps)
  File "/home/jakub/anaconda3/envs/openmm/lib/python3.12/site-packages/openmm/app/simulation.py", line 212, in _simulate
    self.integrator.step(10) # Only take 10 steps at a time, to give Python more chances to respond to a control-c.
    ^^^^^^^^^^^^^^^^^^^^^^^^
  File "/home/jakub/anaconda3/envs/openmm/lib/python3.12/site-packages/openmm/openmm.py", line 15287, in step
    return _openmm.LangevinMiddleIntegrator_step(self, steps)
           ^^^^^^^^^^^^^^^^^^^^^^^^^^^^^^^^^^^^^^^^^^^^^^^^^^
openmm.OpenMMException: Particle coordinate is NaN.  For more information, see https://github.com/openmm/openmm/wiki/Frequently-Asked-Questions#nan

Error running stability.py: Error running command: python stability.py --filename S1_Best_AB --mdtime 10
Trying again...
-----Running minimize.py-----
Loading...
Adding hydrogens...
Adding solvent...
Platform used: CUDA
Minimizing energy...
Saving...
Done

-----Running stability.py-----
Running for the 10th time...
Error running command: python stability.py --filename S1_Best_AB --mdtime 10
Return code: 1
Standard output:
Periodic boundary conditions: True
platform used: CUDA

Standard error:
Traceback (most recent call last):
  File "/home/jakub/phd/openmm-md/stability.py", line 116, in <module>
    fire.Fire(main)
  File "/home/jakub/anaconda3/envs/openmm/lib/python3.12/site-packages/fire/core.py", line 143, in Fire
    component_trace = _Fire(component, args, parsed_flag_args, context, name)
                      ^^^^^^^^^^^^^^^^^^^^^^^^^^^^^^^^^^^^^^^^^^^^^^^^^^^^^^^
  File "/home/jakub/anaconda3/envs/openmm/lib/python3.12/site-packages/fire/core.py", line 477, in _Fire
    component, remaining_args = _CallAndUpdateTrace(
                                ^^^^^^^^^^^^^^^^^^^^
  File "/home/jakub/anaconda3/envs/openmm/lib/python3.12/site-packages/fire/core.py", line 693, in _CallAndUpdateTrace
    component = fn(*varargs, **kwargs)
                ^^^^^^^^^^^^^^^^^^^^^^
  File "/home/jakub/phd/openmm-md/stability.py", line 103, in main
    simulation.step(nsteps)
  File "/home/jakub/anaconda3/envs/openmm/lib/python3.12/site-packages/openmm/app/simulation.py", line 147, in step
    self._simulate(endStep=self.currentStep+steps)
  File "/home/jakub/anaconda3/envs/openmm/lib/python3.12/site-packages/openmm/app/simulation.py", line 212, in _simulate
    self.integrator.step(10) # Only take 10 steps at a time, to give Python more chances to respond to a control-c.
    ^^^^^^^^^^^^^^^^^^^^^^^^
  File "/home/jakub/anaconda3/envs/openmm/lib/python3.12/site-packages/openmm/openmm.py", line 15287, in step
    return _openmm.LangevinMiddleIntegrator_step(self, steps)
           ^^^^^^^^^^^^^^^^^^^^^^^^^^^^^^^^^^^^^^^^^^^^^^^^^^
openmm.OpenMMException: Particle coordinate is NaN.  For more information, see https://github.com/openmm/openmm/wiki/Frequently-Asked-Questions#nan

Error running stability.py: Error running command: python stability.py --filename S1_Best_AB --mdtime 10
Trying again...
==================== Running S2_Best_A ====================
Fixing C-terminus...

-----Running minimize.py-----
Loading...
Adding hydrogens...
Adding solvent...
Platform used: CUDA
Minimizing energy...
Saving...
Done

-----Running stability.py-----
Running for the 1th time...
Periodic boundary conditions: True
platform used: CUDA
Total elapsed time: 1618.5779161453247
Time per MD step 0.00064743116979599

==================== Running S2_Best_AB ====================
Splitting chains...
Fixing C-terminus...

-----Running minimize.py-----
Loading...
Adding hydrogens...
Adding solvent...
Platform used: CUDA
Minimizing energy...
Saving...
Done

-----Running stability.py-----
Running for the 1th time...
Periodic boundary conditions: True
platform used: CUDA
Total elapsed time: 2631.2692070007324
Time per MD step 0.0010525076852798462

All scripts completed successfully.
