[<openmm.openmm.HarmonicBondForce; proxy of <Swig Object of type 'OpenMM::HarmonicBondForce *' at 0x2b8bbe1176c0> >, <openmm.openmm.NonbondedForce; proxy of <Swig Object of type 'OpenMM::NonbondedForce *' at 0x2b8bbe99f840> >, <openmm.openmm.PeriodicTorsionForce; proxy of <Swig Object of type 'OpenMM::PeriodicTorsionForce *' at 0x2b8bbe99f8d0> >, <openmm.openmm.HarmonicAngleForce; proxy of <Swig Object of type 'OpenMM::HarmonicAngleForce *' at 0x2b8bbe99f960> >, <openmm.openmm.MonteCarloBarostat; proxy of <Swig Object of type 'OpenMM::MonteCarloBarostat *' at 0x2b8bbe99f9f0> >]
len(rest_atoms) 15
openmmtools.utils.get_available_platforms(): [<openmm.openmm.Platform; proxy of <Swig Object of type 'OpenMM::Platform *' at 0x2b8bbdadd410> >]
Please cite the following:

        Friedrichs MS, Eastman P, Vaidyanathan V, Houston M, LeGrand S, Beberg AL, Ensign DL, Bruns CM, and Pande VS. Accelerating molecular dynamic simulations on graphics processing unit. J. Comput. Chem. 30:864, 2009. DOI: 10.1002/jcc.21209
        Eastman P and Pande VS. OpenMM: A hardware-independent framework for molecular simulations. Comput. Sci. Eng. 12:34, 2010. DOI: 10.1109/MCSE.2010.27
        Eastman P and Pande VS. Efficient nonbonded interactions for molecular dynamics on a graphics processing unit. J. Comput. Chem. 31:1268, 2010. DOI: 10.1002/jcc.21413
        Eastman P and Pande VS. Constant constraint matrix approximation: A robust, parallelizable constraint method for molecular simulations. J. Chem. Theor. Comput. 6:434, 2010. DOI: 10.1021/ct900463w
        Chodera JD and Shirts MR. Replica exchange and expanded ensemble simulations as Gibbs multistate: Simple improvements for enhanced mixing. J. Chem. Phys., 135:194110, 2011. DOI:10.1063/1.3660669
        
Time to sample dynamics 1837.62 s
[<openmm.openmm.HarmonicBondForce; proxy of <Swig Object of type 'OpenMM::HarmonicBondForce *' at 0x2b36885eba50> >, <openmm.openmm.NonbondedForce; proxy of <Swig Object of type 'OpenMM::NonbondedForce *' at 0x2b3688e6f9c0> >, <openmm.openmm.PeriodicTorsionForce; proxy of <Swig Object of type 'OpenMM::PeriodicTorsionForce *' at 0x2b3688e6fa50> >, <openmm.openmm.HarmonicAngleForce; proxy of <Swig Object of type 'OpenMM::HarmonicAngleForce *' at 0x2b3688e6fae0> >, <openmm.openmm.MonteCarloBarostat; proxy of <Swig Object of type 'OpenMM::MonteCarloBarostat *' at 0x2b3688e6fb70> >]
len(rest_atoms) 15
openmmtools.utils.get_available_platforms(): [<openmm.openmm.Platform; proxy of <Swig Object of type 'OpenMM::Platform *' at 0x2b36897d15f0> >]
Time to sample dynamics 1837.62 s
[<openmm.openmm.HarmonicBondForce; proxy of <Swig Object of type 'OpenMM::HarmonicBondForce *' at 0x2ba9813e3690> >, <openmm.openmm.NonbondedForce; proxy of <Swig Object of type 'OpenMM::NonbondedForce *' at 0x2ba981c6b840> >, <openmm.openmm.PeriodicTorsionForce; proxy of <Swig Object of type 'OpenMM::PeriodicTorsionForce *' at 0x2ba981c6b8d0> >, <openmm.openmm.HarmonicAngleForce; proxy of <Swig Object of type 'OpenMM::HarmonicAngleForce *' at 0x2ba981c6b960> >, <openmm.openmm.MonteCarloBarostat; proxy of <Swig Object of type 'OpenMM::MonteCarloBarostat *' at 0x2ba981c6b9f0> >]
len(rest_atoms) 15
openmmtools.utils.get_available_platforms(): [<openmm.openmm.Platform; proxy of <Swig Object of type 'OpenMM::Platform *' at 0x2ba9825f5380> >]
Time to sample dynamics 1837.62 s
[<openmm.openmm.HarmonicBondForce; proxy of <Swig Object of type 'OpenMM::HarmonicBondForce *' at 0x2b28ce43b7b0> >, <openmm.openmm.NonbondedForce; proxy of <Swig Object of type 'OpenMM::NonbondedForce *' at 0x2b28cec7f9f0> >, <openmm.openmm.PeriodicTorsionForce; proxy of <Swig Object of type 'OpenMM::PeriodicTorsionForce *' at 0x2b28cec7fa80> >, <openmm.openmm.HarmonicAngleForce; proxy of <Swig Object of type 'OpenMM::HarmonicAngleForce *' at 0x2b28cec7fb10> >, <openmm.openmm.MonteCarloBarostat; proxy of <Swig Object of type 'OpenMM::MonteCarloBarostat *' at 0x2b28cec7fba0> >]
len(rest_atoms) 15
openmmtools.utils.get_available_platforms(): [<openmm.openmm.Platform; proxy of <Swig Object of type 'OpenMM::Platform *' at 0x2b28ceeb15f0> >]
Time to sample dynamics 1837.63 s
