2024-12-05 15:18:56,961 - openmmtools.multistate.multistatereporter - WARNING - Warning: The openmmtools.multistate API is experimental and may change in future releases
2024-12-05 15:18:57,814 - openmmtools.multistate.multistatesampler - WARNING - Warning: The openmmtools.multistate API is experimental and may change in future releases
Please cite the following:

        Friedrichs MS, Eastman P, Vaidyanathan V, Houston M, LeGrand S, Beberg AL, Ensign DL, Bruns CM, and Pande VS. Accelerating molecular dynamic simulations on graphics processing unit. J. Comput. Chem. 30:864, 2009. DOI: 10.1002/jcc.21209
        Eastman P and Pande VS. OpenMM: A hardware-independent framework for molecular simulations. Comput. Sci. Eng. 12:34, 2010. DOI: 10.1109/MCSE.2010.27
        Eastman P and Pande VS. Efficient nonbonded interactions for molecular dynamics on a graphics processing unit. J. Comput. Chem. 31:1268, 2010. DOI: 10.1002/jcc.21413
        Eastman P and Pande VS. Constant constraint matrix approximation: A robust, parallelizable constraint method for molecular simulations. J. Chem. Theor. Comput. 6:434, 2010. DOI: 10.1021/ct900463w
        Chodera JD and Shirts MR. Replica exchange and expanded ensemble simulations as Gibbs multistate: Simple improvements for enhanced mixing. J. Chem. Phys., 135:194110, 2011. DOI:10.1063/1.3660669
        
2024-12-05 15:19:01,439 - openmmtools.multistate.multistatesampler - INFO - ********************************************************************************
2024-12-05 15:19:01,439 - openmmtools.multistate.multistatesampler - INFO - Iteration 1/10
2024-12-05 15:19:01,439 - openmmtools.multistate.multistatesampler - INFO - ********************************************************************************
2024-12-05 15:19:15,911 - openmmtools.multistate.multistatesampler - INFO - Iteration took 14.471s.
2024-12-05 15:19:15,911 - openmmtools.multistate.multistatesampler - INFO - Estimated completion in 0:02:10.244746, at 2024-Dec-05-15:21:26 (consuming total wall clock time 0:02:24.716384).
2024-12-05 15:19:15,911 - openmmtools.multistate.multistatesampler - INFO - ********************************************************************************
2024-12-05 15:19:15,911 - openmmtools.multistate.multistatesampler - INFO - Iteration 2/10
2024-12-05 15:19:15,911 - openmmtools.multistate.multistatesampler - INFO - ********************************************************************************
2024-12-05 15:19:30,981 - openmmtools.multistate.multistatesampler - INFO - Iteration took 15.069s.
2024-12-05 15:19:30,981 - openmmtools.multistate.multistatesampler - INFO - Estimated completion in 0:01:58.165360, at 2024-Dec-05-15:21:29 (consuming total wall clock time 0:02:27.706701).
2024-12-05 15:19:30,981 - openmmtools.multistate.multistatesampler - INFO - ********************************************************************************
2024-12-05 15:19:30,981 - openmmtools.multistate.multistatesampler - INFO - Iteration 3/10
2024-12-05 15:19:30,981 - openmmtools.multistate.multistatesampler - INFO - ********************************************************************************
2024-12-05 15:19:46,074 - openmmtools.multistate.multistatesampler - INFO - Iteration took 15.093s.
2024-12-05 15:19:46,074 - openmmtools.multistate.multistatesampler - INFO - Estimated completion in 0:01:44.147786, at 2024-Dec-05-15:21:30 (consuming total wall clock time 0:02:28.782552).
2024-12-05 15:19:46,074 - openmmtools.multistate.multistatesampler - INFO - ********************************************************************************
2024-12-05 15:19:46,074 - openmmtools.multistate.multistatesampler - INFO - Iteration 4/10
2024-12-05 15:19:46,074 - openmmtools.multistate.multistatesampler - INFO - ********************************************************************************
2024-12-05 15:20:01,169 - openmmtools.multistate.multistatesampler - INFO - Iteration took 15.094s.
2024-12-05 15:20:01,169 - openmmtools.multistate.multistatesampler - INFO - Estimated completion in 0:01:29.594585, at 2024-Dec-05-15:21:30 (consuming total wall clock time 0:02:29.324309).
2024-12-05 15:20:01,169 - openmmtools.multistate.multistatesampler - INFO - ********************************************************************************
2024-12-05 15:20:01,169 - openmmtools.multistate.multistatesampler - INFO - Iteration 5/10
2024-12-05 15:20:01,169 - openmmtools.multistate.multistatesampler - INFO - ********************************************************************************
2024-12-05 15:20:16,196 - openmmtools.multistate.multistatesampler - INFO - Iteration took 15.026s.
2024-12-05 15:20:16,196 - openmmtools.multistate.multistatesampler - INFO - Estimated completion in 0:01:14.756801, at 2024-Dec-05-15:21:30 (consuming total wall clock time 0:02:29.513602).
2024-12-05 15:20:16,196 - openmmtools.multistate.multistatesampler - INFO - ********************************************************************************
2024-12-05 15:20:16,196 - openmmtools.multistate.multistatesampler - INFO - Iteration 6/10
2024-12-05 15:20:16,196 - openmmtools.multistate.multistatesampler - INFO - ********************************************************************************
2024-12-05 15:20:31,238 - openmmtools.multistate.multistatesampler - INFO - Iteration took 15.041s.
2024-12-05 15:20:31,238 - openmmtools.multistate.multistatesampler - INFO - Estimated completion in 0:00:59.865582, at 2024-Dec-05-15:21:31 (consuming total wall clock time 0:02:29.663955).
2024-12-05 15:20:31,238 - openmmtools.multistate.multistatesampler - INFO - ********************************************************************************
2024-12-05 15:20:31,238 - openmmtools.multistate.multistatesampler - INFO - Iteration 7/10
2024-12-05 15:20:31,238 - openmmtools.multistate.multistatesampler - INFO - ********************************************************************************
2024-12-05 15:20:46,243 - openmmtools.multistate.multistatesampler - INFO - Iteration took 15.005s.
2024-12-05 15:20:46,243 - openmmtools.multistate.multistatesampler - INFO - Estimated completion in 0:00:44.915941, at 2024-Dec-05-15:21:31 (consuming total wall clock time 0:02:29.719804).
2024-12-05 15:20:46,243 - openmmtools.multistate.multistatesampler - INFO - ********************************************************************************
2024-12-05 15:20:46,244 - openmmtools.multistate.multistatesampler - INFO - Iteration 8/10
2024-12-05 15:20:46,244 - openmmtools.multistate.multistatesampler - INFO - ********************************************************************************
2024-12-05 15:21:01,270 - openmmtools.multistate.multistatesampler - INFO - Iteration took 15.026s.
2024-12-05 15:21:01,270 - openmmtools.multistate.multistatesampler - INFO - Estimated completion in 0:00:29.957576, at 2024-Dec-05-15:21:31 (consuming total wall clock time 0:02:29.787881).
2024-12-05 15:21:01,270 - openmmtools.multistate.multistatesampler - INFO - ********************************************************************************
2024-12-05 15:21:01,270 - openmmtools.multistate.multistatesampler - INFO - Iteration 9/10
2024-12-05 15:21:01,270 - openmmtools.multistate.multistatesampler - INFO - ********************************************************************************
2024-12-05 15:21:16,261 - openmmtools.multistate.multistatesampler - INFO - Iteration took 14.991s.
2024-12-05 15:21:16,261 - openmmtools.multistate.multistatesampler - INFO - Estimated completion in 0:00:14.980175, at 2024-Dec-05-15:21:31 (consuming total wall clock time 0:02:29.801751).
2024-12-05 15:21:16,261 - openmmtools.multistate.multistatesampler - INFO - ********************************************************************************
2024-12-05 15:21:16,261 - openmmtools.multistate.multistatesampler - INFO - Iteration 10/10
2024-12-05 15:21:16,261 - openmmtools.multistate.multistatesampler - INFO - ********************************************************************************
2024-12-05 15:21:31,699 - openmmtools.multistate.multistatesampler - INFO - Iteration took 15.438s.
2024-12-05 15:21:31,700 - openmmtools.multistate.multistatesampler - INFO - Estimated completion in 0:00:00, at 2024-Dec-05-15:21:31 (consuming total wall clock time 0:02:30.260202).
dict_keys(['last_iteration', 'analysis_particle_indices', 'options', 'metadata', 'states', 'energies', 'neighborhoods', 'accepted', 'proposed', 'timestamp'])
